<?xml version="1.0" encoding="UTF-8"?>
<!-- Generated by org.testng.reporters.JUnitXMLReporter -->
<testsuite hostname="DESKTOP-7ELKK84" ignored="6" tests="4" failures="0" timestamp="2020-06-11T22:17:47 EEST" time="3.082" errors="0">
  <testcase name="@BeforeTest start" time="3.018" classname="BaseTest">
    <failure type="java.lang.NullPointerException">
      <![CDATA[java.lang.NullPointerException
at BaseTest.start(BaseTest.java:44)
... Removed 29 stack frames]]>
    </failure>
  </testcase> <!-- @BeforeTest start -->
  <testcase name="@AfterTest tearDown" time="-1.591903067544E9" classname="BaseTest">
    <skipped/>
  </testcase> <!-- @AfterTest tearDown -->
  <testcase name="test" time="0.0" classname="ChromeStandAloneGmailTest">
    <skipped/>
  </testcase> <!-- test -->
  <testcase name="test" time="0.0" classname="ChromeStandAloneTest">
    <skipped/>
  </testcase> <!-- test -->
  <testcase name="test" time="0.0" classname="ChromeStandAlonFacebookTest">
    <skipped/>
  </testcase> <!-- test -->
  <testcase name="test" time="0.0" classname="FirefoxStandAloneTest">
    <skipped/>
  </testcase> <!-- test -->
  <testcase name="@BeforeTest start" time="0.0" classname="BaseTest">
    <ignored/>
  </testcase> <!-- @BeforeTest start -->
  <testcase name="@BeforeTest start" time="0.0" classname="BaseTest">
    <ignored/>
  </testcase> <!-- @BeforeTest start -->
  <testcase name="@BeforeTest start" time="0.0" classname="BaseTest">
    <ignored/>
  </testcase> <!-- @BeforeTest start -->
  <testcase name="@AfterTest tearDown" time="0.0" classname="BaseTest">
    <ignored/>
  </testcase> <!-- @AfterTest tearDown -->
  <testcase name="@AfterTest tearDown" time="0.0" classname="BaseTest">
    <ignored/>
  </testcase> <!-- @AfterTest tearDown -->
  <testcase name="@AfterTest tearDown" time="0.0" classname="BaseTest">
    <ignored/>
  </testcase> <!-- @AfterTest tearDown -->
</testsuite>
