<?xml version="1.0" encoding="UTF-8"?>
<!-- Generated by org.testng.reporters.JUnitXMLReporter -->
<testsuite ignored="6" hostname="DESKTOP-7ELKK84" failures="0" tests="4" name="Command line test" time="3.078" errors="0" timestamp="2020-06-11T19:30:32 EEST">
  <testcase classname="BaseTest" name="@BeforeTest start" time="3.04">
    <failure type="java.lang.NullPointerException">
      <![CDATA[java.lang.NullPointerException
at BaseTest.start(BaseTest.java:42)
... Removed 34 stack frames]]>
    </failure>
  </testcase> <!-- @BeforeTest start -->
  <testcase classname="BaseTest" name="@AfterTest tearDown" time="-1.591893032103E9">
    <skipped/>
  </testcase> <!-- @AfterTest tearDown -->
  <testcase classname="ChromeStandAloneGmailTest" name="test" time="0.0">
    <skipped/>
  </testcase> <!-- test -->
  <testcase classname="ChromeStandAloneTest" name="test" time="0.0">
    <skipped/>
  </testcase> <!-- test -->
  <testcase classname="ChromeStandAlonFacebookTest" name="test" time="0.0">
    <skipped/>
  </testcase> <!-- test -->
  <testcase classname="FirefoxStandAloneTest" name="test" time="0.0">
    <skipped/>
  </testcase> <!-- test -->
  <testcase classname="BaseTest" name="@BeforeTest start" time="0.0">
    <ignored/>
  </testcase> <!-- @BeforeTest start -->
  <testcase classname="BaseTest" name="@BeforeTest start" time="0.0">
    <ignored/>
  </testcase> <!-- @BeforeTest start -->
  <testcase classname="BaseTest" name="@BeforeTest start" time="0.0">
    <ignored/>
  </testcase> <!-- @BeforeTest start -->
  <testcase classname="BaseTest" name="@AfterTest tearDown" time="0.0">
    <ignored/>
  </testcase> <!-- @AfterTest tearDown -->
  <testcase classname="BaseTest" name="@AfterTest tearDown" time="0.0">
    <ignored/>
  </testcase> <!-- @AfterTest tearDown -->
  <testcase classname="BaseTest" name="@AfterTest tearDown" time="0.0">
    <ignored/>
  </testcase> <!-- @AfterTest tearDown -->
</testsuite> <!-- Command line test -->
